Using pre-set license
Built from '2021.1/staging' branch; Version is '2021.1.18f1 (25bdc3efbc2d) revision 2473411'; Using compiler version '192528614'; Build Type 'Release'
OS: 'Windows 10 Education; OS build 19042.1237; Version 2009; 64bit' Language: 'en' Physical Memory: 8037 MB
BatchMode: 1, IsHumanControllingUs: 0, StartBugReporterOnCrash: 0, Is64bit: 1, IsPro: 0

COMMAND LINE ARGUMENTS:
C:\Program Files\Unity\Hub\Editor\2021.1.18f1\Editor\Unity.exe
-adb2
-batchMode
-noUpm
-name
AssetImportWorker142
-projectPath
H:/Documents/GitHub/hito-adventure
-logFile
Logs/AssetImportWorker142.log
-srvPort
52988
Successfully changed project path to: H:/Documents/GitHub/hito-adventure
H:/Documents/GitHub/hito-adventure
Using Asset Import Pipeline V2.
Assertion failed on expression: 'm_ErrorCode == MDB_MAP_RESIZED || !HasAbortingErrors()'
received signal from system: SIGSEGV
Stack trace:
0x00007ff6c6bb79ac (Unity) StackWalker::GetCurrentCallstack
0x00007ff6c6bbda59 (Unity) StackWalker::ShowCallstack
0x00007ff6c73b5963 (Unity) GetStacktrace
0x00007ff6c6bb7090 (Unity) winutils::CrashHandler::DefaultSignalHandler
0x00007ff6c8f7bc1e (Unity) seh_filter_exe
0x00007ff6c9044a6d (Unity) `__scrt_common_main_seh'::`1'::filt$0
0x00007ff6c8f48af8 (Unity) _C_specific_handler
0x00007ffc71ab20cf (ntdll) _chkstk
0x00007ffc71a61454 (ntdll) RtlRaiseException
0x00007ffc71ab0bfe (ntdll) KiUserExceptionDispatcher
0x00007ff6c74e06cb (Unity) SourceAssetDBReadTxn::SourceAssetDBReadTxn
0x00007ff6c74ae966 (Unity) SyncAssetFoldersWithDB
0x00007ff6c749db6d (Unity) InitializeAssetDatabaseV2
0x00007ff6c743b895 (Unity) AssetDatabase::InitializeAssetDatabase
0x00007ff6c6fac190 (Unity) Application::InitializeProject
0x00007ff6c73bf007 (Unity) WinMain
0x00007ff6c8f26332 (Unity) __scrt_common_main_seh
0x00007ffc70577034 (KERNEL32) BaseThreadInitThunk
0x00007ffc71a62651 (ntdll) RtlUserThreadStart

