Using pre-set license
Built from '2021.1/staging' branch; Version is '2021.1.18f1 (25bdc3efbc2d) revision 2473411'; Using compiler version '192528614'; Build Type 'Release'
OS: 'Windows 10 Home; OS build 19043.928; Version 2009; 64bit' Language: 'en' Physical Memory: 16221 MB
BatchMode: 1, IsHumanControllingUs: 0, StartBugReporterOnCrash: 0, Is64bit: 1, IsPro: 0

COMMAND LINE ARGUMENTS:
C:\Program Files\Unity\Hub\Editor\2021.1.18f1\Editor\Unity.exe
-adb2
-batchMode
-noUpm
-name
AssetImportWorker0
-projectPath
C:/Users/Elizeu mazzo/Documents/GitHub/hito-adventure
-logFile
Logs/AssetImportWorker0.log
-srvPort
62720
Successfully changed project path to: C:/Users/Elizeu mazzo/Documents/GitHub/hito-adventure
C:/Users/Elizeu mazzo/Documents/GitHub/hito-adventure
Using Asset Import Pipeline V2.
Refreshing native plugins compatible for Editor in 77.85 ms, found 4 plugins.
Preloading 0 native plugins for Editor in 0.00 ms.
Initialize engine version: 2021.1.18f1 (25bdc3efbc2d)
[Subsystems] Discovering subsystems at path C:/Program Files/Unity/Hub/Editor/2021.1.18f1/Editor/Data/Resources/UnitySubsystems
[Subsystems] Discovering subsystems at path C:/Users/Elizeu mazzo/Documents/GitHub/hito-adventure/Assets
GfxDevice: creating device client; threaded=0; jobified=0
Direct3D:
    Version:  Direct3D 11.0 [level 11.1]
    Renderer: NVIDIA GeForce RTX 3070 (ID=0x2488)
    Vendor:   NVIDIA
    VRAM:     8043 MB
    Driver:   30.0.14.7168
Initialize mono
Mono path[0] = 'C:/Program Files/Unity/Hub/Editor/2021.1.18f1/Editor/Data/Managed'
Mono path[1] = 'C:/Program Files/Unity/Hub/Editor/2021.1.18f1/Editor/Data/MonoBleedingEdge/lib/mono/unityjit'
Mono config path = 'C:/Program Files/Unity/Hub/Editor/2021.1.18f1/Editor/Data/MonoBleedingEdge/etc'
Using monoOptions --debugger-agent=transport=dt_socket,embedding=1,server=y,suspend=n,address=127.0.0.1:56792
Begin MonoManager ReloadAssembly
Registering precompiled unity dll's ...
Register platform support module: C:/Program Files/Unity/Hub/Editor/2021.1.18f1/Editor/Data/PlaybackEngines/WindowsStandaloneSupport/UnityEditor.WindowsStandalone.Extensions.dll
Registered in 0.001290 seconds.
Native extension for WindowsStandalone target not found
Refreshing native plugins compatible for Editor in 73.76 ms, found 4 plugins.
Preloading 0 native plugins for Editor in 0.00 ms.
Mono: successfully reloaded assembly
- Completed reload, in  0.742 seconds
Domain Reload Profiling:
	ReloadAssembly (742ms)
		BeginReloadAssembly (55ms)
			ExecutionOrderSort (0ms)
			DisableScriptedObjects (0ms)
			BackupInstance (0ms)
			ReleaseScriptingObjects (0ms)
			CreateAndSetChildDomain (1ms)
		EndReloadAssembly (327ms)
			LoadAssemblies (54ms)
			RebuildTransferFunctionScriptingTraits (0ms)
			SetupTypeCache (102ms)
			ReleaseScriptCaches (0ms)
			RebuildScriptCaches (21ms)
			SetupLoadedEditorAssemblies (172ms)
				LogAssemblyErrors (0ms)
				InitializePlatformSupportModulesInManaged (4ms)
				SetLoadedEditorAssemblies (0ms)
				RefreshPlugins (74ms)
				BeforeProcessingInitializeOnLoad (1ms)
				ProcessInitializeOnLoadAttributes (70ms)
				ProcessInitializeOnLoadMethodAttributes (22ms)
				AfterProcessingInitializeOnLoad (0ms)
				EditorAssembliesLoaded (0ms)
			ExecutionOrderSort2 (0ms)
			AwakeInstancesAfterBackupRestoration (0ms)
Platform modules already initialized, skipping
Registering precompiled user dll's ...
Registered in 0.004665 seconds.
Begin MonoManager ReloadAssembly
Symbol file LoadedFromMemory doesn't match image C:\Users\Elizeu mazzo\Documents\GitHub\hito-adventure\Library\PackageCache\com.unity.visualscripting@1.6.1\Editor\VisualScripting.Core\Dependencies\YamlDotNet\Unity.VisualScripting.YamlDotNet.dll
Symbol file LoadedFromMemory doesn't match image C:\Users\Elizeu mazzo\Documents\GitHub\hito-adventure\Library\PackageCache\com.unity.visualscripting@1.6.1\Editor\VisualScripting.Core\Dependencies\DotNetZip\Unity.VisualScripting.IonicZip.dll
Native extension for WindowsStandalone target not found
Refreshing native plugins compatible for Editor in 73.41 ms, found 4 plugins.
Preloading 0 native plugins for Editor in 0.00 ms.
Mono: successfully reloaded assembly
- Completed reload, in  0.958 seconds
Domain Reload Profiling:
	ReloadAssembly (959ms)
		BeginReloadAssembly (121ms)
			ExecutionOrderSort (0ms)
			DisableScriptedObjects (3ms)
			BackupInstance (0ms)
			ReleaseScriptingObjects (0ms)
			CreateAndSetChildDomain (14ms)
		EndReloadAssembly (795ms)
			LoadAssemblies (114ms)
			RebuildTransferFunctionScriptingTraits (0ms)
			SetupTypeCache (235ms)
			ReleaseScriptCaches (0ms)
			RebuildScriptCaches (36ms)
			SetupLoadedEditorAssemblies (364ms)
				LogAssemblyErrors (0ms)
				InitializePlatformSupportModulesInManaged (3ms)
				SetLoadedEditorAssemblies (0ms)
				RefreshPlugins (73ms)
				BeforeProcessingInitializeOnLoad (61ms)
				ProcessInitializeOnLoadAttributes (211ms)
				ProcessInitializeOnLoadMethodAttributes (12ms)
				AfterProcessingInitializeOnLoad (3ms)
				EditorAssembliesLoaded (0ms)
			ExecutionOrderSort2 (0ms)
			AwakeInstancesAfterBackupRestoration (5ms)
Platform modules already initialized, skipping
========================================================================
Worker process is ready to serve import requests
Launched and connected shader compiler UnityShaderCompiler.exe after 0.03 seconds
Refreshing native plugins compatible for Editor in 0.49 ms, found 4 plugins.
Preloading 0 native plugins for Editor in 0.00 ms.
Unloading 3683 Unused Serialized files (Serialized files now loaded: 0)
System memory in use before: 136.4 MB.
System memory in use after: 136.6 MB.

Unloading 32 unused Assets to reduce memory usage. Loaded Objects now: 4131.
Total: 2.416000 ms (FindLiveObjects: 0.175400 ms CreateObjectMapping: 0.115600 ms MarkObjects: 2.073000 ms  DeleteObjects: 0.051200 ms)

AssetImportParameters requested are different than current active one (requested -> active):
  custom:framework-win-MediaFoundation: 216162199b28c13a410421893ffa2e32 -> 
  custom:video-decoder-ogg-theora: a1e56fd34408186e4bbccfd4996cb3dc -> 
  custom:container-muxer-webm: aa71ff27fc2769a1b78a27578f13a17b -> 
  custom:container-demuxer-webm: 4f35f7cbe854078d1ac9338744f61a02 -> 
  custom:container-demuxer-ogg: 62fdf1f143b41e24485cea50d1cbac27 -> 
  custom:video-encoder-webm-vp8: eb34c28f22e8b96e1ab97ce403110664 -> 
  custom:video-decoder-webm-vp8: 9c59270c3fd7afecdb556c50c9e8de78 -> 
  custom:audio-decoder-ogg-vorbis: bf7c407c2cedff20999df2af8eb42d56 -> 
  custom:audio-encoder-webm-vorbis: bf7c407c2cedff20999df2af8eb42d56 -> 
========================================================================
Received Import Request.
  path: Assets/Scenes 1/SampleScene.unity
  artifactKey: Guid(3ac0ad46274f0834d9eadacd8f470d9b) Importer(815301076,1909f56bfc062723c751e8b465ee728b)
Start importing Assets/Scenes 1/SampleScene.unity using Guid(3ac0ad46274f0834d9eadacd8f470d9b) Importer(815301076,1909f56bfc062723c751e8b465ee728b)  -> (artifact id: 'f0558223fc97364a82f2098711f94a76') in 0.009558 seconds 
========================================================================
Received Import Request.
  Time since last request: 114.555143 seconds.
  path: Assets/prefabs/bullet.prefab
  artifactKey: Guid(16bc14cd2b94b044cbe4378033446ee2) Importer(815301076,1909f56bfc062723c751e8b465ee728b)
Start importing Assets/prefabs/bullet.prefab using Guid(16bc14cd2b94b044cbe4378033446ee2) Importer(815301076,1909f56bfc062723c751e8b465ee728b)  -> (artifact id: 'cd3b9b3365a30969b9c63925c4dc1e0b') in 0.061171 seconds 
========================================================================
Received Import Request.
  Time since last request: 0.000178 seconds.
  path: Assets/prefabs/wall purple.prefab
  artifactKey: Guid(e14321febe45f3945af767b4c32e0b18) Importer(815301076,1909f56bfc062723c751e8b465ee728b)
Start importing Assets/prefabs/wall purple.prefab using Guid(e14321febe45f3945af767b4c32e0b18) Importer(815301076,1909f56bfc062723c751e8b465ee728b)  -> (artifact id: '2932bbd1c698e6e4388f6c47f1aaf625') in 0.012211 seconds 
========================================================================
Received Import Request.
  Time since last request: 12.916811 seconds.
  path: Assets/player/hito danger.png
  artifactKey: Guid(ec58703f0e220374c86a0dd1f5a72e1c) Importer(815301076,1909f56bfc062723c751e8b465ee728b)
Start importing Assets/player/hito danger.png using Guid(ec58703f0e220374c86a0dd1f5a72e1c) Importer(815301076,1909f56bfc062723c751e8b465ee728b)  -> (artifact id: '513e0a318c56836affe704d1c0ef1370') in 0.042652 seconds 
========================================================================
Received Import Request.
  Time since last request: 0.000127 seconds.
  path: Assets/player/Hitos wsrod draw.png
  artifactKey: Guid(860047e98ba684942ae3940348fc890a) Importer(815301076,1909f56bfc062723c751e8b465ee728b)
Start importing Assets/player/Hitos wsrod draw.png using Guid(860047e98ba684942ae3940348fc890a) Importer(815301076,1909f56bfc062723c751e8b465ee728b)  -> (artifact id: '82873714596d73755feaffbeb4ab103e') in 0.036012 seconds 
========================================================================
Received Import Request.
  Time since last request: 0.000159 seconds.
  path: Assets/player/hito.png
  artifactKey: Guid(ba993b7ee712abf4191f87f911538dc6) Importer(815301076,1909f56bfc062723c751e8b465ee728b)
Start importing Assets/player/hito.png using Guid(ba993b7ee712abf4191f87f911538dc6) Importer(815301076,1909f56bfc062723c751e8b465ee728b)  -> (artifact id: 'c067eea0d7801ffaaa75015854667a98') in 0.025857 seconds 
========================================================================
Received Import Request.
  Time since last request: 0.000141 seconds.
  path: Assets/player/hito hurt.png
  artifactKey: Guid(56d80284f53fcc342892b6b3d2530dd9) Importer(815301076,1909f56bfc062723c751e8b465ee728b)
Start importing Assets/player/hito hurt.png using Guid(56d80284f53fcc342892b6b3d2530dd9) Importer(815301076,1909f56bfc062723c751e8b465ee728b)  -> (artifact id: '0647670cc5240252c76d882965b91b76') in 0.010685 seconds 
========================================================================
Received Import Request.
  Time since last request: 2.725460 seconds.
  path: Assets/tiles/door.png
  artifactKey: Guid(065b3be30cadb4641b6391491adee2b8) Importer(815301076,1909f56bfc062723c751e8b465ee728b)
Start importing Assets/tiles/door.png using Guid(065b3be30cadb4641b6391491adee2b8) Importer(815301076,1909f56bfc062723c751e8b465ee728b)  -> (artifact id: '9eae0d613b50cad6a005f652d76d9724') in 0.014606 seconds 
========================================================================
Received Import Request.
  Time since last request: 0.000237 seconds.
  path: Assets/tiles/hallway.png
  artifactKey: Guid(dac5aeff98ee3f54092f31dc058c1f90) Importer(815301076,1909f56bfc062723c751e8b465ee728b)
Start importing Assets/tiles/hallway.png using Guid(dac5aeff98ee3f54092f31dc058c1f90) Importer(815301076,1909f56bfc062723c751e8b465ee728b)  -> (artifact id: 'c264974813cc638fb56171fb0f04f26c') in 0.019521 seconds 
========================================================================
Received Import Request.
  Time since last request: 0.000117 seconds.
  path: Assets/tiles/pixil-frame-1.png
  artifactKey: Guid(c47a8d27c53bde94194a4dadaa4b6eed) Importer(815301076,1909f56bfc062723c751e8b465ee728b)
Start importing Assets/tiles/pixil-frame-1.png using Guid(c47a8d27c53bde94194a4dadaa4b6eed) Importer(815301076,1909f56bfc062723c751e8b465ee728b)  -> (artifact id: 'aff6d6f063099c2658b6aed2a3d3343f') in 0.013347 seconds 
========================================================================
Received Import Request.
  Time since last request: 0.000154 seconds.
  path: Assets/tiles/ground.png
  artifactKey: Guid(0ca8d6c09c67dc04aa27002bdf45b391) Importer(815301076,1909f56bfc062723c751e8b465ee728b)
Start importing Assets/tiles/ground.png using Guid(0ca8d6c09c67dc04aa27002bdf45b391) Importer(815301076,1909f56bfc062723c751e8b465ee728b)  -> (artifact id: '76856e913a5d191bc5c9e9901d9b38e5') in 0.015984 seconds 
========================================================================
Received Import Request.
  Time since last request: 0.000185 seconds.
  path: Assets/tiles/wall.png
  artifactKey: Guid(8cfaf1e4b673e9a46954899ff94c5d6d) Importer(815301076,1909f56bfc062723c751e8b465ee728b)
Start importing Assets/tiles/wall.png using Guid(8cfaf1e4b673e9a46954899ff94c5d6d) Importer(815301076,1909f56bfc062723c751e8b465ee728b)  -> (artifact id: 'b24bf9650153d11285c321e007c93cda') in 0.015598 seconds 
========================================================================
Received Import Request.
  Time since last request: 0.000142 seconds.
  path: Assets/tiles/hallway vertical.png
  artifactKey: Guid(a521081a10ef54042846443f0f1da58d) Importer(815301076,1909f56bfc062723c751e8b465ee728b)
Start importing Assets/tiles/hallway vertical.png using Guid(a521081a10ef54042846443f0f1da58d) Importer(815301076,1909f56bfc062723c751e8b465ee728b)  -> (artifact id: '2d8f55de11d54586f72c54c6a91825f7') in 0.012830 seconds 
========================================================================
Received Import Request.
  Time since last request: 0.000144 seconds.
  path: Assets/tiles/pixil-frame-0 (4).png
  artifactKey: Guid(253a07de9cbd93f4892a7f1c0dc81635) Importer(815301076,1909f56bfc062723c751e8b465ee728b)
Start importing Assets/tiles/pixil-frame-0 (4).png using Guid(253a07de9cbd93f4892a7f1c0dc81635) Importer(815301076,1909f56bfc062723c751e8b465ee728b)  -> (artifact id: '316cc36ae3b16979269b80b8055c2451') in 0.013274 seconds 
========================================================================
Received Import Request.
  Time since last request: 0.000184 seconds.
  path: Assets/tiles/furniture.png
  artifactKey: Guid(c7727f2d8688ac34ea68f069bce5c35f) Importer(815301076,1909f56bfc062723c751e8b465ee728b)
Start importing Assets/tiles/furniture.png using Guid(c7727f2d8688ac34ea68f069bce5c35f) Importer(815301076,1909f56bfc062723c751e8b465ee728b)  -> (artifact id: '23d0f8c9f5c1be42e31dedc68e419e13') in 0.017159 seconds 
AssetImportWorkerClient::OnTransportError - code=2 error=End of file
